d:\计算机\编程\vs code\cnblogs_work\sudoku\sudoku\x64\debug\sudoku.pch
d:\计算机\编程\vs code\cnblogs_work\sudoku\sudoku\x64\debug\vc141.pdb
d:\计算机\编程\vs code\cnblogs_work\sudoku\sudoku\x64\debug\pch.obj
d:\计算机\编程\vs code\cnblogs_work\sudoku\sudoku\x64\debug\sudoku.obj
d:\计算机\编程\vs code\cnblogs_work\sudoku\sudoku\x64\debug\method.obj
d:\计算机\编程\vs code\cnblogs_work\sudoku\sudoku\x64\debug\koe.obj
d:\计算机\编程\vs code\cnblogs_work\sudoku\x64\debug\sudoku.exe
d:\计算机\编程\vs code\cnblogs_work\sudoku\x64\debug\sudoku.pdb
d:\计算机\编程\vs code\cnblogs_work\sudoku\sudoku\x64\debug\nativecodeanalysis.read.1.tlog
d:\计算机\编程\vs code\cnblogs_work\sudoku\sudoku\x64\debug\vc141.idb
d:\计算机\编程\vs code\cnblogs_work\sudoku\sudoku\x64\debug\koe.nativecodeanalysis.xml
d:\计算机\编程\vs code\cnblogs_work\sudoku\sudoku\x64\debug\method.nativecodeanalysis.xml
d:\计算机\编程\vs code\cnblogs_work\sudoku\sudoku\x64\debug\pch.nativecodeanalysis.xml
d:\计算机\编程\vs code\cnblogs_work\sudoku\sudoku\x64\debug\sudoku.nativecodeanalysis.xml
d:\计算机\编程\vs code\cnblogs_work\sudoku\sudoku\x64\debug\vc.nativecodeanalysis.all.xml
d:\计算机\编程\vs code\cnblogs_work\sudoku\sudoku\x64\debug\sudoku.tlog\cl.command.1.tlog
d:\计算机\编程\vs code\cnblogs_work\sudoku\sudoku\x64\debug\sudoku.tlog\cl.read.1.tlog
d:\计算机\编程\vs code\cnblogs_work\sudoku\sudoku\x64\debug\sudoku.tlog\cl.write.1.tlog
d:\计算机\编程\vs code\cnblogs_work\sudoku\sudoku\x64\debug\sudoku.tlog\link.command.1.tlog
d:\计算机\编程\vs code\cnblogs_work\sudoku\sudoku\x64\debug\sudoku.tlog\link.read.1.tlog
d:\计算机\编程\vs code\cnblogs_work\sudoku\sudoku\x64\debug\sudoku.tlog\link.write.1.tlog
